This file contains any messages produced by compilers while
running configure, to aid debugging if configure makes a mistake.

It was created by FULL-PACKAGE-NAME configure VERSION, which was
generated by GNU Autoconf 2.68.  Invocation command line was

  $ ./configure 

## --------- ##
## Platform. ##
## --------- ##

hostname = Desktop
uname -m = x86_64
uname -r = 3.2.0-51-generic
uname -s = Linux
uname -v = #77-Ubuntu SMP Wed Jul 24 20:18:19 UTC 2013

/usr/bin/uname -p = unknown
/bin/uname -X     = unknown

/bin/arch              = unknown
/usr/bin/arch -k       = unknown
/usr/convex/getsysinfo = unknown
/usr/bin/hostinfo      = unknown
/bin/machine           = unknown
/usr/bin/oslevel       = unknown
/bin/universe          = unknown

PATH: /usr/lib/lightdm/lightdm
PATH: /usr/local/sbin
PATH: /usr/local/bin
PATH: /usr/sbin
PATH: /usr/bin
PATH: /sbin
PATH: /bin
PATH: /usr/games


## ----------- ##
## Core tests. ##
## ----------- ##

configure:2240: checking for gcc
configure:2256: found /usr/bin/gcc
configure:2267: result: gcc
configure:2496: checking for C compiler version
configure:2505: gcc --version >&5
gcc (Ubuntu/Linaro 4.6.3-1ubuntu5) 4.6.3
Copyright (C) 2011 Free Software Foundation, Inc.
This is free software; see the source for copying conditions.  There is NO
warranty; not even for MERCHANTABILITY or FITNESS FOR A PARTICULAR PURPOSE.

configure:2516: $? = 0
configure:2505: gcc -v >&5
Using built-in specs.
COLLECT_GCC=gcc
COLLECT_LTO_WRAPPER=/usr/lib/gcc/x86_64-linux-gnu/4.6/lto-wrapper
Target: x86_64-linux-gnu
Configured with: ../src/configure -v --with-pkgversion='Ubuntu/Linaro 4.6.3-1ubuntu5' --with-bugurl=file:///usr/share/doc/gcc-4.6/README.Bugs --enable-languages=c,c++,fortran,objc,obj-c++ --prefix=/usr --program-suffix=-4.6 --enable-shared --enable-linker-build-id --with-system-zlib --libexecdir=/usr/lib --without-included-gettext --enable-threads=posix --with-gxx-include-dir=/usr/include/c++/4.6 --libdir=/usr/lib --enable-nls --with-sysroot=/ --enable-clocale=gnu --enable-libstdcxx-debug --enable-libstdcxx-time=yes --enable-gnu-unique-object --enable-plugin --enable-objc-gc --disable-werror --with-arch-32=i686 --with-tune=generic --enable-checking=release --build=x86_64-linux-gnu --host=x86_64-linux-gnu --target=x86_64-linux-gnu
Thread model: posix
gcc version 4.6.3 (Ubuntu/Linaro 4.6.3-1ubuntu5) 
configure:2516: $? = 0
configure:2505: gcc -V >&5
gcc: error: unrecognized option '-V'
gcc: fatal error: no input files
compilation terminated.
configure:2516: $? = 4
configure:2505: gcc -qversion >&5
gcc: error: unrecognized option '-qversion'
gcc: fatal error: no input files
compilation terminated.
configure:2516: $? = 4
configure:2536: checking whether the C compiler works
configure:2558: gcc    conftest.c  >&5
configure:2562: $? = 0
configure:2610: result: yes
configure:2613: checking for C compiler default output file name
configure:2615: result: a.out
configure:2621: checking for suffix of executables
configure:2628: gcc -o conftest    conftest.c  >&5
configure:2632: $? = 0
configure:2654: result: 
configure:2676: checking whether we are cross compiling
configure:2684: gcc -o conftest    conftest.c  >&5
configure:2688: $? = 0
configure:2695: ./conftest
configure:2699: $? = 0
configure:2714: result: no
configure:2719: checking for suffix of object files
configure:2741: gcc -c   conftest.c >&5
configure:2745: $? = 0
configure:2766: result: o
configure:2770: checking whether we are using the GNU C compiler
configure:2789: gcc -c   conftest.c >&5
configure:2789: $? = 0
configure:2798: result: yes
configure:2807: checking whether gcc accepts -g
configure:2827: gcc -c -g  conftest.c >&5
configure:2827: $? = 0
configure:2868: result: yes
configure:2885: checking for gcc option to accept ISO C89
configure:2949: gcc  -c -g -O2  conftest.c >&5
configure:2949: $? = 0
configure:2962: result: none needed
configure:3025: checking for a BSD-compatible install
configure:3093: result: /usr/bin/install -c
configure:3107: checking for pcap_open_live in -lpcap
configure:3132: gcc -o conftest -g -O2   conftest.c -lpcap   >&5
configure:3132: $? = 0
configure:3141: result: yes
configure:3152: checking for main in -lsocket
configure:3171: gcc -o conftest -g -O2   conftest.c -lsocket  -lpcap  >&5
/usr/bin/ld: cannot find -lsocket
collect2: ld returned 1 exit status
configure:3171: $? = 1
configure: failed program was:
| /* confdefs.h */
| #define PACKAGE_NAME "FULL-PACKAGE-NAME"
| #define PACKAGE_TARNAME "full-package-name"
| #define PACKAGE_VERSION "VERSION"
| #define PACKAGE_STRING "FULL-PACKAGE-NAME VERSION"
| #define PACKAGE_BUGREPORT "BUG-REPORT-ADDRESS"
| #define PACKAGE_URL ""
| #define HAVE_LIBPCAP 1
| /* end confdefs.h.  */
| 
| 
| int
| main ()
| {
| return main ();
|   ;
|   return 0;
| }
configure:3180: result: no
configure:3191: checking for main in -lnsl
configure:3210: gcc -o conftest -g -O2   conftest.c -lnsl  -lpcap  >&5
configure:3210: $? = 0
configure:3219: result: yes
configure:3230: checking for main in -lresolv
configure:3249: gcc -o conftest -g -O2   conftest.c -lresolv  -lnsl -lpcap  >&5
configure:3249: $? = 0
configure:3258: result: yes
configure:3276: checking how to run the C preprocessor
configure:3307: gcc -E  conftest.c
configure:3307: $? = 0
configure:3321: gcc -E  conftest.c
conftest.c:12:28: fatal error: ac_nonexistent.h: No such file or directory
compilation terminated.
configure:3321: $? = 1
configure: failed program was:
| /* confdefs.h */
| #define PACKAGE_NAME "FULL-PACKAGE-NAME"
| #define PACKAGE_TARNAME "full-package-name"
| #define PACKAGE_VERSION "VERSION"
| #define PACKAGE_STRING "FULL-PACKAGE-NAME VERSION"
| #define PACKAGE_BUGREPORT "BUG-REPORT-ADDRESS"
| #define PACKAGE_URL ""
| #define HAVE_LIBPCAP 1
| #define HAVE_LIBNSL 1
| #define HAVE_LIBRESOLV 1
| /* end confdefs.h.  */
| #include <ac_nonexistent.h>
configure:3346: result: gcc -E
configure:3366: gcc -E  conftest.c
configure:3366: $? = 0
configure:3380: gcc -E  conftest.c
conftest.c:12:28: fatal error: ac_nonexistent.h: No such file or directory
compilation terminated.
configure:3380: $? = 1
configure: failed program was:
| /* confdefs.h */
| #define PACKAGE_NAME "FULL-PACKAGE-NAME"
| #define PACKAGE_TARNAME "full-package-name"
| #define PACKAGE_VERSION "VERSION"
| #define PACKAGE_STRING "FULL-PACKAGE-NAME VERSION"
| #define PACKAGE_BUGREPORT "BUG-REPORT-ADDRESS"
| #define PACKAGE_URL ""
| #define HAVE_LIBPCAP 1
| #define HAVE_LIBNSL 1
| #define HAVE_LIBRESOLV 1
| /* end confdefs.h.  */
| #include <ac_nonexistent.h>
configure:3409: checking for grep that handles long lines and -e
configure:3467: result: /bin/grep
configure:3472: checking for egrep
configure:3534: result: /bin/grep -E
configure:3539: checking for ANSI C header files
configure:3559: gcc -c -g -O2  conftest.c >&5
configure:3559: $? = 0
configure:3632: gcc -o conftest -g -O2   conftest.c -lresolv -lnsl -lpcap  >&5
configure:3632: $? = 0
configure:3632: ./conftest
configure:3632: $? = 0
configure:3643: result: yes
configure:3656: checking for sys/types.h
configure:3656: gcc -c -g -O2  conftest.c >&5
configure:3656: $? = 0
configure:3656: result: yes
configure:3656: checking for sys/stat.h
configure:3656: gcc -c -g -O2  conftest.c >&5
configure:3656: $? = 0
configure:3656: result: yes
configure:3656: checking for stdlib.h
configure:3656: gcc -c -g -O2  conftest.c >&5
configure:3656: $? = 0
configure:3656: result: yes
configure:3656: checking for string.h
configure:3656: gcc -c -g -O2  conftest.c >&5
configure:3656: $? = 0
configure:3656: result: yes
configure:3656: checking for memory.h
configure:3656: gcc -c -g -O2  conftest.c >&5
configure:3656: $? = 0
configure:3656: result: yes
configure:3656: checking for strings.h
configure:3656: gcc -c -g -O2  conftest.c >&5
configure:3656: $? = 0
configure:3656: result: yes
configure:3656: checking for inttypes.h
configure:3656: gcc -c -g -O2  conftest.c >&5
configure:3656: $? = 0
configure:3656: result: yes
configure:3656: checking for stdint.h
configure:3656: gcc -c -g -O2  conftest.c >&5
configure:3656: $? = 0
configure:3656: result: yes
configure:3656: checking for unistd.h
configure:3656: gcc -c -g -O2  conftest.c >&5
configure:3656: $? = 0
configure:3656: result: yes
configure:3671: checking arpa/inet.h usability
configure:3671: gcc -c -g -O2  conftest.c >&5
configure:3671: $? = 0
configure:3671: result: yes
configure:3671: checking arpa/inet.h presence
configure:3671: gcc -E  conftest.c
configure:3671: $? = 0
configure:3671: result: yes
configure:3671: checking for arpa/inet.h
configure:3671: result: yes
configure:3671: checking netdb.h usability
configure:3671: gcc -c -g -O2  conftest.c >&5
configure:3671: $? = 0
configure:3671: result: yes
configure:3671: checking netdb.h presence
configure:3671: gcc -E  conftest.c
configure:3671: $? = 0
configure:3671: result: yes
configure:3671: checking for netdb.h
configure:3671: result: yes
configure:3671: checking netinet/in.h usability
configure:3671: gcc -c -g -O2  conftest.c >&5
configure:3671: $? = 0
configure:3671: result: yes
configure:3671: checking netinet/in.h presence
configure:3671: gcc -E  conftest.c
configure:3671: $? = 0
configure:3671: result: yes
configure:3671: checking for netinet/in.h
configure:3671: result: yes
configure:3671: checking for stdint.h
configure:3671: result: yes
configure:3671: checking for stdlib.h
configure:3671: result: yes
configure:3671: checking for string.h
configure:3671: result: yes
configure:3671: checking sys/param.h usability
configure:3671: gcc -c -g -O2  conftest.c >&5
configure:3671: $? = 0
configure:3671: result: yes
configure:3671: checking sys/param.h presence
configure:3671: gcc -E  conftest.c
configure:3671: $? = 0
configure:3671: result: yes
configure:3671: checking for sys/param.h
configure:3671: result: yes
configure:3671: checking sys/socket.h usability
configure:3671: gcc -c -g -O2  conftest.c >&5
configure:3671: $? = 0
configure:3671: result: yes
configure:3671: checking sys/socket.h presence
configure:3671: gcc -E  conftest.c
configure:3671: $? = 0
configure:3671: result: yes
configure:3671: checking for sys/socket.h
configure:3671: result: yes
configure:3671: checking sys/time.h usability
configure:3671: gcc -c -g -O2  conftest.c >&5
configure:3671: $? = 0
configure:3671: result: yes
configure:3671: checking sys/time.h presence
configure:3671: gcc -E  conftest.c
configure:3671: $? = 0
configure:3671: result: yes
configure:3671: checking for sys/time.h
configure:3671: result: yes
configure:3671: checking for unistd.h
configure:3671: result: yes
configure:3683: checking endian.h usability
configure:3683: gcc -c -g -O2  conftest.c >&5
configure:3683: $? = 0
configure:3683: result: yes
configure:3683: checking endian.h presence
configure:3683: gcc -E  conftest.c
configure:3683: $? = 0
configure:3683: result: yes
configure:3683: checking for endian.h
configure:3683: result: yes
configure:3695: checking arpa/nameser_compat.h usability
configure:3695: gcc -c -g -O2  conftest.c >&5
configure:3695: $? = 0
configure:3695: result: yes
configure:3695: checking arpa/nameser_compat.h presence
configure:3695: gcc -E  conftest.c
configure:3695: $? = 0
configure:3695: result: yes
configure:3695: checking for arpa/nameser_compat.h
configure:3695: result: yes
configure:3708: checking for net/if_arp.h
configure:3708: gcc -c -g -O2  conftest.c >&5
configure:3708: $? = 0
configure:3708: result: yes
configure:3708: checking for net/if.h
configure:3708: gcc -c -g -O2  conftest.c >&5
configure:3708: $? = 0
configure:3708: result: yes
configure:3708: checking for netinet/if_ether.h
configure:3708: gcc -c -g -O2  conftest.c >&5
configure:3708: $? = 0
configure:3708: result: yes
configure:3729: checking for net/if_ppp.h
configure:3729: gcc -c -g -O2  conftest.c >&5
configure:3729: $? = 0
configure:3729: result: yes
configure:3750: checking for an ANSI C-conforming const
configure:3815: gcc -c -g -O2  conftest.c >&5
configure:3815: $? = 0
configure:3822: result: yes
configure:3830: checking for off_t
configure:3830: gcc -c -g -O2  conftest.c >&5
configure:3830: $? = 0
configure:3830: gcc -c -g -O2  conftest.c >&5
conftest.c: In function 'main':
conftest.c:74:20: error: expected expression before ')' token
configure:3830: $? = 1
configure: failed program was:
| /* confdefs.h */
| #define PACKAGE_NAME "FULL-PACKAGE-NAME"
| #define PACKAGE_TARNAME "full-package-name"
| #define PACKAGE_VERSION "VERSION"
| #define PACKAGE_STRING "FULL-PACKAGE-NAME VERSION"
| #define PACKAGE_BUGREPORT "BUG-REPORT-ADDRESS"
| #define PACKAGE_URL ""
| #define HAVE_LIBPCAP 1
| #define HAVE_LIBNSL 1
| #define HAVE_LIBRESOLV 1
| #define STDC_HEADERS 1
| #define HAVE_SYS_TYPES_H 1
| #define HAVE_SYS_STAT_H 1
| #define HAVE_STDLIB_H 1
| #define HAVE_STRING_H 1
| #define HAVE_MEMORY_H 1
| #define HAVE_STRINGS_H 1
| #define HAVE_INTTYPES_H 1
| #define HAVE_STDINT_H 1
| #define HAVE_UNISTD_H 1
| #define HAVE_ARPA_INET_H 1
| #define HAVE_NETDB_H 1
| #define HAVE_NETINET_IN_H 1
| #define HAVE_STDINT_H 1
| #define HAVE_STDLIB_H 1
| #define HAVE_STRING_H 1
| #define HAVE_SYS_PARAM_H 1
| #define HAVE_SYS_SOCKET_H 1
| #define HAVE_SYS_TIME_H 1
| #define HAVE_UNISTD_H 1
| #define HAVE_ENDIAN_H 1
| #define HAVE_ARPA_NAMESER_COMPAT_H 1
| #define HAVE_NET_IF_ARP_H 1
| #define HAVE_NET_IF_H 1
| #define HAVE_NETINET_IF_ETHER_H 1
| #define HAVE_NET_IF_PPP_H 1
| /* end confdefs.h.  */
| #include <stdio.h>
| #ifdef HAVE_SYS_TYPES_H
| # include <sys/types.h>
| #endif
| #ifdef HAVE_SYS_STAT_H
| # include <sys/stat.h>
| #endif
| #ifdef STDC_HEADERS
| # include <stdlib.h>
| # include <stddef.h>
| #else
| # ifdef HAVE_STDLIB_H
| #  include <stdlib.h>
| # endif
| #endif
| #ifdef HAVE_STRING_H
| # if !defined STDC_HEADERS && defined HAVE_MEMORY_H
| #  include <memory.h>
| # endif
| # include <string.h>
| #endif
| #ifdef HAVE_STRINGS_H
| # include <strings.h>
| #endif
| #ifdef HAVE_INTTYPES_H
| # include <inttypes.h>
| #endif
| #ifdef HAVE_STDINT_H
| # include <stdint.h>
| #endif
| #ifdef HAVE_UNISTD_H
| # include <unistd.h>
| #endif
| int
| main ()
| {
| if (sizeof ((off_t)))
| 	    return 0;
|   ;
|   return 0;
| }
configure:3830: result: yes
configure:3841: checking for size_t
configure:3841: gcc -c -g -O2  conftest.c >&5
configure:3841: $? = 0
configure:3841: gcc -c -g -O2  conftest.c >&5
conftest.c: In function 'main':
conftest.c:74:21: error: expected expression before ')' token
configure:3841: $? = 1
configure: failed program was:
| /* confdefs.h */
| #define PACKAGE_NAME "FULL-PACKAGE-NAME"
| #define PACKAGE_TARNAME "full-package-name"
| #define PACKAGE_VERSION "VERSION"
| #define PACKAGE_STRING "FULL-PACKAGE-NAME VERSION"
| #define PACKAGE_BUGREPORT "BUG-REPORT-ADDRESS"
| #define PACKAGE_URL ""
| #define HAVE_LIBPCAP 1
| #define HAVE_LIBNSL 1
| #define HAVE_LIBRESOLV 1
| #define STDC_HEADERS 1
| #define HAVE_SYS_TYPES_H 1
| #define HAVE_SYS_STAT_H 1
| #define HAVE_STDLIB_H 1
| #define HAVE_STRING_H 1
| #define HAVE_MEMORY_H 1
| #define HAVE_STRINGS_H 1
| #define HAVE_INTTYPES_H 1
| #define HAVE_STDINT_H 1
| #define HAVE_UNISTD_H 1
| #define HAVE_ARPA_INET_H 1
| #define HAVE_NETDB_H 1
| #define HAVE_NETINET_IN_H 1
| #define HAVE_STDINT_H 1
| #define HAVE_STDLIB_H 1
| #define HAVE_STRING_H 1
| #define HAVE_SYS_PARAM_H 1
| #define HAVE_SYS_SOCKET_H 1
| #define HAVE_SYS_TIME_H 1
| #define HAVE_UNISTD_H 1
| #define HAVE_ENDIAN_H 1
| #define HAVE_ARPA_NAMESER_COMPAT_H 1
| #define HAVE_NET_IF_ARP_H 1
| #define HAVE_NET_IF_H 1
| #define HAVE_NETINET_IF_ETHER_H 1
| #define HAVE_NET_IF_PPP_H 1
| /* end confdefs.h.  */
| #include <stdio.h>
| #ifdef HAVE_SYS_TYPES_H
| # include <sys/types.h>
| #endif
| #ifdef HAVE_SYS_STAT_H
| # include <sys/stat.h>
| #endif
| #ifdef STDC_HEADERS
| # include <stdlib.h>
| # include <stddef.h>
| #else
| # ifdef HAVE_STDLIB_H
| #  include <stdlib.h>
| # endif
| #endif
| #ifdef HAVE_STRING_H
| # if !defined STDC_HEADERS && defined HAVE_MEMORY_H
| #  include <memory.h>
| # endif
| # include <string.h>
| #endif
| #ifdef HAVE_STRINGS_H
| # include <strings.h>
| #endif
| #ifdef HAVE_INTTYPES_H
| # include <inttypes.h>
| #endif
| #ifdef HAVE_STDINT_H
| # include <stdint.h>
| #endif
| #ifdef HAVE_UNISTD_H
| # include <unistd.h>
| #endif
| int
| main ()
| {
| if (sizeof ((size_t)))
| 	    return 0;
|   ;
|   return 0;
| }
configure:3841: result: yes
configure:3852: checking whether time.h and sys/time.h may both be included
configure:3872: gcc -c -g -O2  conftest.c >&5
configure:3872: $? = 0
configure:3879: result: yes
configure:3887: checking for uint16_t
configure:3887: gcc -c -g -O2  conftest.c >&5
configure:3887: $? = 0
configure:3887: result: yes
configure:3899: checking for uint32_t
configure:3899: gcc -c -g -O2  conftest.c >&5
configure:3899: $? = 0
configure:3899: result: yes
configure:3913: checking for uint8_t
configure:3913: gcc -c -g -O2  conftest.c >&5
configure:3913: $? = 0
configure:3913: result: yes
configure:3928: checking for struct bpf_timeval
configure:3928: gcc -c -g -O2  conftest.c >&5
conftest.c: In function 'main':
conftest.c:79:13: error: invalid application of 'sizeof' to incomplete type 'struct bpf_timeval' 
configure:3928: $? = 1
configure: failed program was:
| /* confdefs.h */
| #define PACKAGE_NAME "FULL-PACKAGE-NAME"
| #define PACKAGE_TARNAME "full-package-name"
| #define PACKAGE_VERSION "VERSION"
| #define PACKAGE_STRING "FULL-PACKAGE-NAME VERSION"
| #define PACKAGE_BUGREPORT "BUG-REPORT-ADDRESS"
| #define PACKAGE_URL ""
| #define HAVE_LIBPCAP 1
| #define HAVE_LIBNSL 1
| #define HAVE_LIBRESOLV 1
| #define STDC_HEADERS 1
| #define HAVE_SYS_TYPES_H 1
| #define HAVE_SYS_STAT_H 1
| #define HAVE_STDLIB_H 1
| #define HAVE_STRING_H 1
| #define HAVE_MEMORY_H 1
| #define HAVE_STRINGS_H 1
| #define HAVE_INTTYPES_H 1
| #define HAVE_STDINT_H 1
| #define HAVE_UNISTD_H 1
| #define HAVE_ARPA_INET_H 1
| #define HAVE_NETDB_H 1
| #define HAVE_NETINET_IN_H 1
| #define HAVE_STDINT_H 1
| #define HAVE_STDLIB_H 1
| #define HAVE_STRING_H 1
| #define HAVE_SYS_PARAM_H 1
| #define HAVE_SYS_SOCKET_H 1
| #define HAVE_SYS_TIME_H 1
| #define HAVE_UNISTD_H 1
| #define HAVE_ENDIAN_H 1
| #define HAVE_ARPA_NAMESER_COMPAT_H 1
| #define HAVE_NET_IF_ARP_H 1
| #define HAVE_NET_IF_H 1
| #define HAVE_NETINET_IF_ETHER_H 1
| #define HAVE_NET_IF_PPP_H 1
| #define TIME_WITH_SYS_TIME 1
| /* end confdefs.h.  */
| 
| #include <stdio.h>
| #ifdef HAVE_SYS_TYPES_H
| # include <sys/types.h>
| #endif
| #ifdef HAVE_SYS_STAT_H
| # include <sys/stat.h>
| #endif
| #ifdef STDC_HEADERS
| # include <stdlib.h>
| # include <stddef.h>
| #else
| # ifdef HAVE_STDLIB_H
| #  include <stdlib.h>
| # endif
| #endif
| #ifdef HAVE_STRING_H
| # if !defined STDC_HEADERS && defined HAVE_MEMORY_H
| #  include <memory.h>
| # endif
| # include <string.h>
| #endif
| #ifdef HAVE_STRINGS_H
| # include <strings.h>
| #endif
| #ifdef HAVE_INTTYPES_H
| # include <inttypes.h>
| #endif
| #ifdef HAVE_STDINT_H
| # include <stdint.h>
| #endif
| #ifdef HAVE_UNISTD_H
| # include <unistd.h>
| #endif
| #include <pcap.h>
| 
| 
| int
| main ()
| {
| if (sizeof (struct bpf_timeval))
| 	 return 0;
|   ;
|   return 0;
| }
configure:3928: result: no
configure:3946: checking for stdlib.h
configure:3946: result: yes
configure:3956: checking for GNU libc compatible malloc
configure:3980: gcc -o conftest -g -O2   conftest.c -lresolv -lnsl -lpcap  >&5
configure:3980: $? = 0
configure:3980: ./conftest
configure:3980: $? = 0
configure:3990: result: yes
configure:4014: checking sys/select.h usability
configure:4014: gcc -c -g -O2  conftest.c >&5
configure:4014: $? = 0
configure:4014: result: yes
configure:4014: checking sys/select.h presence
configure:4014: gcc -E  conftest.c
configure:4014: $? = 0
configure:4014: result: yes
configure:4014: checking for sys/select.h
configure:4014: result: yes
configure:4014: checking for sys/socket.h
configure:4014: result: yes
configure:4024: checking types of arguments for select
configure:4052: gcc -c -g -O2  conftest.c >&5
configure:4052: $? = 0
configure:4063: result: int,fd_set *,struct timeval *
configure:4086: checking return type of signal handlers
configure:4104: gcc -c -g -O2  conftest.c >&5
conftest.c: In function 'main':
conftest.c:52:1: error: void value not ignored as it ought to be
configure:4104: $? = 1
configure: failed program was:
| /* confdefs.h */
| #define PACKAGE_NAME "FULL-PACKAGE-NAME"
| #define PACKAGE_TARNAME "full-package-name"
| #define PACKAGE_VERSION "VERSION"
| #define PACKAGE_STRING "FULL-PACKAGE-NAME VERSION"
| #define PACKAGE_BUGREPORT "BUG-REPORT-ADDRESS"
| #define PACKAGE_URL ""
| #define HAVE_LIBPCAP 1
| #define HAVE_LIBNSL 1
| #define HAVE_LIBRESOLV 1
| #define STDC_HEADERS 1
| #define HAVE_SYS_TYPES_H 1
| #define HAVE_SYS_STAT_H 1
| #define HAVE_STDLIB_H 1
| #define HAVE_STRING_H 1
| #define HAVE_MEMORY_H 1
| #define HAVE_STRINGS_H 1
| #define HAVE_INTTYPES_H 1
| #define HAVE_STDINT_H 1
| #define HAVE_UNISTD_H 1
| #define HAVE_ARPA_INET_H 1
| #define HAVE_NETDB_H 1
| #define HAVE_NETINET_IN_H 1
| #define HAVE_STDINT_H 1
| #define HAVE_STDLIB_H 1
| #define HAVE_STRING_H 1
| #define HAVE_SYS_PARAM_H 1
| #define HAVE_SYS_SOCKET_H 1
| #define HAVE_SYS_TIME_H 1
| #define HAVE_UNISTD_H 1
| #define HAVE_ENDIAN_H 1
| #define HAVE_ARPA_NAMESER_COMPAT_H 1
| #define HAVE_NET_IF_ARP_H 1
| #define HAVE_NET_IF_H 1
| #define HAVE_NETINET_IF_ETHER_H 1
| #define HAVE_NET_IF_PPP_H 1
| #define TIME_WITH_SYS_TIME 1
| #define HAVE_STDLIB_H 1
| #define HAVE_MALLOC 1
| #define HAVE_SYS_SELECT_H 1
| #define HAVE_SYS_SOCKET_H 1
| #define SELECT_TYPE_ARG1 int
| #define SELECT_TYPE_ARG234 (fd_set *)
| #define SELECT_TYPE_ARG5 (struct timeval *)
| /* end confdefs.h.  */
| #include <sys/types.h>
| #include <signal.h>
| 
| int
| main ()
| {
| return *(signal (0, 0)) (0) == 1;
|   ;
|   return 0;
| }
configure:4111: result: void
configure:4119: checking whether lstat correctly handles trailing slash
configure:4145: gcc -o conftest -g -O2   conftest.c -lresolv -lnsl -lpcap  >&5
configure:4145: $? = 0
configure:4145: ./conftest
configure:4145: $? = 0
configure:4162: result: yes
configure:4181: checking whether stat accepts an empty string
configure:4201: gcc -o conftest -g -O2   conftest.c -lresolv -lnsl -lpcap  >&5
configure:4201: $? = 0
configure:4201: ./conftest
configure:4201: $? = 0
configure:4211: result: no
configure:4230: checking for memset
configure:4230: gcc -o conftest -g -O2   conftest.c -lresolv -lnsl -lpcap  >&5
conftest.c:71:6: warning: conflicting types for built-in function 'memset' [enabled by default]
configure:4230: $? = 0
configure:4230: result: yes
configure:4230: checking for select
configure:4230: gcc -o conftest -g -O2   conftest.c -lresolv -lnsl -lpcap  >&5
configure:4230: $? = 0
configure:4230: result: yes
configure:4230: checking for strchr
configure:4230: gcc -o conftest -g -O2   conftest.c -lresolv -lnsl -lpcap  >&5
conftest.c:73:6: warning: conflicting types for built-in function 'strchr' [enabled by default]
configure:4230: $? = 0
configure:4230: result: yes
configure:4230: checking for strdup
configure:4230: gcc -o conftest -g -O2   conftest.c -lresolv -lnsl -lpcap  >&5
conftest.c:74:6: warning: conflicting types for built-in function 'strdup' [enabled by default]
configure:4230: $? = 0
configure:4230: result: yes
configure:4230: checking for strrchr
configure:4230: gcc -o conftest -g -O2   conftest.c -lresolv -lnsl -lpcap  >&5
conftest.c:75:6: warning: conflicting types for built-in function 'strrchr' [enabled by default]
configure:4230: $? = 0
configure:4230: result: yes
configure:4230: checking for strstr
configure:4230: gcc -o conftest -g -O2   conftest.c -lresolv -lnsl -lpcap  >&5
conftest.c:76:6: warning: conflicting types for built-in function 'strstr' [enabled by default]
configure:4230: $? = 0
configure:4230: result: yes
configure:4370: creating ./config.status

## ---------------------- ##
## Running config.status. ##
## ---------------------- ##

This file was extended by FULL-PACKAGE-NAME config.status VERSION, which was
generated by GNU Autoconf 2.68.  Invocation command line was

  CONFIG_FILES    = 
  CONFIG_HEADERS  = 
  CONFIG_LINKS    = 
  CONFIG_COMMANDS = 
  $ ./config.status 

on Desktop

config.status:849: creating Makefile
config.status:849: creating config.h

## ---------------- ##
## Cache variables. ##
## ---------------- ##

ac_cv_c_compiler_gnu=yes
ac_cv_c_const=yes
ac_cv_c_uint16_t=yes
ac_cv_c_uint32_t=yes
ac_cv_c_uint8_t=yes
ac_cv_env_CC_set=
ac_cv_env_CC_value=
ac_cv_env_CFLAGS_set=
ac_cv_env_CFLAGS_value=
ac_cv_env_CPPFLAGS_set=
ac_cv_env_CPPFLAGS_value=
ac_cv_env_CPP_set=
ac_cv_env_CPP_value=
ac_cv_env_LDFLAGS_set=
ac_cv_env_LDFLAGS_value=
ac_cv_env_LIBS_set=
ac_cv_env_LIBS_value=
ac_cv_env_build_alias_set=
ac_cv_env_build_alias_value=
ac_cv_env_host_alias_set=
ac_cv_env_host_alias_value=
ac_cv_env_target_alias_set=
ac_cv_env_target_alias_value=
ac_cv_func_lstat_dereferences_slashed_symlink=yes
ac_cv_func_malloc_0_nonnull=yes
ac_cv_func_memset=yes
ac_cv_func_select=yes
ac_cv_func_select_args='int,fd_set *,struct timeval *'
ac_cv_func_stat_empty_string_bug=no
ac_cv_func_strchr=yes
ac_cv_func_strdup=yes
ac_cv_func_strrchr=yes
ac_cv_func_strstr=yes
ac_cv_header_arpa_inet_h=yes
ac_cv_header_arpa_nameser_compat_h=yes
ac_cv_header_endian_h=yes
ac_cv_header_inttypes_h=yes
ac_cv_header_memory_h=yes
ac_cv_header_net_if_arp_h=yes
ac_cv_header_net_if_h=yes
ac_cv_header_net_if_ppp_h=yes
ac_cv_header_netdb_h=yes
ac_cv_header_netinet_if_ether_h=yes
ac_cv_header_netinet_in_h=yes
ac_cv_header_stdc=yes
ac_cv_header_stdint_h=yes
ac_cv_header_stdlib_h=yes
ac_cv_header_string_h=yes
ac_cv_header_strings_h=yes
ac_cv_header_sys_param_h=yes
ac_cv_header_sys_select_h=yes
ac_cv_header_sys_socket_h=yes
ac_cv_header_sys_stat_h=yes
ac_cv_header_sys_time_h=yes
ac_cv_header_sys_types_h=yes
ac_cv_header_time=yes
ac_cv_header_unistd_h=yes
ac_cv_lib_nsl_main=yes
ac_cv_lib_pcap_pcap_open_live=yes
ac_cv_lib_resolv_main=yes
ac_cv_lib_socket_main=no
ac_cv_objext=o
ac_cv_path_EGREP='/bin/grep -E'
ac_cv_path_GREP=/bin/grep
ac_cv_path_install='/usr/bin/install -c'
ac_cv_prog_CPP='gcc -E'
ac_cv_prog_ac_ct_CC=gcc
ac_cv_prog_cc_c89=
ac_cv_prog_cc_g=yes
ac_cv_type_off_t=yes
ac_cv_type_signal=void
ac_cv_type_size_t=yes
ac_cv_type_struct_bpf_timeval=no

## ----------------- ##
## Output variables. ##
## ----------------- ##

CC='gcc'
CFLAGS='-g -O2'
CPP='gcc -E'
CPPFLAGS=''
DEFS='-DHAVE_CONFIG_H'
ECHO_C=''
ECHO_N='-n'
ECHO_T=''
EGREP='/bin/grep -E'
EXEEXT=''
GREP='/bin/grep'
INSTALL_DATA='${INSTALL} -m 644'
INSTALL_PROGRAM='${INSTALL}'
INSTALL_SCRIPT='${INSTALL}'
LDFLAGS=''
LIBOBJS=''
LIBS='-lresolv -lnsl -lpcap '
LTLIBOBJS=''
OBJEXT='o'
OPTFLAGS=' -DUSE_IPV6=1'
PACKAGE_BUGREPORT='BUG-REPORT-ADDRESS'
PACKAGE_NAME='FULL-PACKAGE-NAME'
PACKAGE_STRING='FULL-PACKAGE-NAME VERSION'
PACKAGE_TARNAME='full-package-name'
PACKAGE_URL=''
PACKAGE_VERSION='VERSION'
PATH_SEPARATOR=':'
SHELL='/bin/bash'
ac_ct_CC='gcc'
bindir='${exec_prefix}/bin'
build_alias=''
datadir='${datarootdir}'
datarootdir='${prefix}/share'
docdir='${datarootdir}/doc/${PACKAGE_TARNAME}'
dvidir='${docdir}'
exec_prefix='${prefix}'
host_alias=''
htmldir='${docdir}'
includedir='${prefix}/include'
infodir='${datarootdir}/info'
libdir='${exec_prefix}/lib'
libexecdir='${exec_prefix}/libexec'
localedir='${datarootdir}/locale'
localstatedir='${prefix}/var'
mandir='${datarootdir}/man'
oldincludedir='/usr/include'
pdfdir='${docdir}'
prefix='/usr/local'
program_transform_name='s,x,x,'
psdir='${docdir}'
sbindir='${exec_prefix}/sbin'
sharedstatedir='${prefix}/com'
sysconfdir='${prefix}/etc'
target_alias=''

## ----------- ##
## confdefs.h. ##
## ----------- ##

/* confdefs.h */
#define PACKAGE_NAME "FULL-PACKAGE-NAME"
#define PACKAGE_TARNAME "full-package-name"
#define PACKAGE_VERSION "VERSION"
#define PACKAGE_STRING "FULL-PACKAGE-NAME VERSION"
#define PACKAGE_BUGREPORT "BUG-REPORT-ADDRESS"
#define PACKAGE_URL ""
#define HAVE_LIBPCAP 1
#define HAVE_LIBNSL 1
#define HAVE_LIBRESOLV 1
#define STDC_HEADERS 1
#define HAVE_SYS_TYPES_H 1
#define HAVE_SYS_STAT_H 1
#define HAVE_STDLIB_H 1
#define HAVE_STRING_H 1
#define HAVE_MEMORY_H 1
#define HAVE_STRINGS_H 1
#define HAVE_INTTYPES_H 1
#define HAVE_STDINT_H 1
#define HAVE_UNISTD_H 1
#define HAVE_ARPA_INET_H 1
#define HAVE_NETDB_H 1
#define HAVE_NETINET_IN_H 1
#define HAVE_STDINT_H 1
#define HAVE_STDLIB_H 1
#define HAVE_STRING_H 1
#define HAVE_SYS_PARAM_H 1
#define HAVE_SYS_SOCKET_H 1
#define HAVE_SYS_TIME_H 1
#define HAVE_UNISTD_H 1
#define HAVE_ENDIAN_H 1
#define HAVE_ARPA_NAMESER_COMPAT_H 1
#define HAVE_NET_IF_ARP_H 1
#define HAVE_NET_IF_H 1
#define HAVE_NETINET_IF_ETHER_H 1
#define HAVE_NET_IF_PPP_H 1
#define TIME_WITH_SYS_TIME 1
#define HAVE_STDLIB_H 1
#define HAVE_MALLOC 1
#define HAVE_SYS_SELECT_H 1
#define HAVE_SYS_SOCKET_H 1
#define SELECT_TYPE_ARG1 int
#define SELECT_TYPE_ARG234 (fd_set *)
#define SELECT_TYPE_ARG5 (struct timeval *)
#define RETSIGTYPE void
#define LSTAT_FOLLOWS_SLASHED_SYMLINK 1
#define HAVE_MEMSET 1
#define HAVE_SELECT 1
#define HAVE_STRCHR 1
#define HAVE_STRDUP 1
#define HAVE_STRRCHR 1
#define HAVE_STRSTR 1

configure: exit 0
